5
5
Pr(S) = {a,b}
Pr(C) = {a,b}
Pr(D) = {a,b}
Pr(A) = {a}
Pr(B) = {b}
Sig(S) = {$,a,b}
Sig(C) = {$,a,b}
Sig(D) = {$,a,b}
Sig(A) = {$,a,b}
Sig(B) = {$,a,b}
5
Pr(E) = {(,i}
Pr(A) = {+,e}
Pr(T) = {(,i}
Pr(B) = {*,e}
Pr(F) = {(,i}
Sig(E) = {$,)}
Sig(A) = {$,)}
Sig(T) = {$,+,)}
Sig(B) = {$,+,)}
Sig(F) = {$,*,+,)}
1
Pr(S) = {(,a}
Sig(S) = {$,(,),*,+,a}
2
Pr(S) = {(,a}
Pr(L) = {(,a}
Sig(S) = {$,),,}
Sig(L) = {),,}
3
Pr(S) = {a}
Pr(A) = {b}
Pr(B) = {(,f,n,t}
Sig(S) = {$,),o}
Sig(A) = {$,),a,o}
Sig(B) = {$,),a,o}
